c:\users\allfather\documents\visual studio 2015\projects\bullbot\debug\vcpkg.applocal.log
c:\users\allfather\documents\visual studio 2015\projects\bullbot\debug\poconetd.dll
c:\users\allfather\documents\visual studio 2015\projects\bullbot\debug\pocofoundationd.dll
c:\users\allfather\documents\visual studio 2015\projects\bullbot\debug\pcred.dll
c:\users\allfather\documents\visual studio 2015\projects\bullbot\debug\zlibd1.dll
c:\users\allfather\documents\visual studio 2015\projects\bullbot\debug\pocojsond.dll
c:\users\allfather\documents\visual studio 2015\projects\bullbot\debug\vc140.pdb
c:\users\allfather\documents\visual studio 2015\projects\bullbot\debug\vc140.idb
c:\users\allfather\documents\visual studio 2015\projects\bullbot\debug\main.obj
c:\users\allfather\documents\visual studio 2015\projects\bullbot\debug\bullbot.ilk
c:\users\allfather\documents\visual studio 2015\projects\bullbot\debug\bullbot.exe
c:\users\allfather\documents\visual studio 2015\projects\bullbot\debug\bullbot.pdb
c:\users\allfather\documents\visual studio 2015\projects\bullbot\debug\nemesis.ilk
c:\users\allfather\documents\visual studio 2015\projects\bullbot\debug\nemesis.pdb
c:\users\allfather\documents\visual studio 2015\projects\bullbot\debug\bullbot.tlog\bullbot.write.1u.tlog
c:\users\allfather\documents\visual studio 2015\projects\bullbot\debug\bullbot.tlog\cl.command.1.tlog
c:\users\allfather\documents\visual studio 2015\projects\bullbot\debug\bullbot.tlog\cl.read.1.tlog
c:\users\allfather\documents\visual studio 2015\projects\bullbot\debug\bullbot.tlog\cl.write.1.tlog
c:\users\allfather\documents\visual studio 2015\projects\bullbot\debug\bullbot.tlog\link.command.1.tlog
c:\users\allfather\documents\visual studio 2015\projects\bullbot\debug\bullbot.tlog\link.read.1.tlog
c:\users\allfather\documents\visual studio 2015\projects\bullbot\debug\bullbot.tlog\link.write.1.tlog
